000 (252257.000.000) 2024-04-20 02:19:52 Job submitted from host: <128.104.100.148:9618?addrs=128.104.100.148-9618+[2607-f388-107c-501-216-3eff-feb2-bc11]-9618&alias=learn.chtc.wisc.edu&noUDP&sock=schedd_1351356_64bc>
...
040 (252257.000.000) 2024-04-20 02:19:54 Started transferring input files
        Transferring to host: <128.105.69.192:9618?addrs=128.105.69.192-9618+[2607-f388-2200-100-1270-fdff-fe56-bc04]-9618&alias=build4002.chtc.wisc.edu&noUDP&sock=interactive3_1_1095235_e312_9934>
...
040 (252257.000.000) 2024-04-20 02:19:59 Finished transferring input files
...
001 (252257.000.000) 2024-04-20 02:20:00 Job executing on host: <128.105.69.192:9618?addrs=128.105.69.192-9618+[2607-f388-2200-100-1270-fdff-fe56-bc04]-9618&alias=build4002.chtc.wisc.edu&noUDP&sock=startd_2072560_59af>
        SlotName: interactive3_1@build4002.chtc.wisc.edu
        CondorScratchDir = "/var/lib/condor/execute/slot3/dir_1246307"
        Cpus = 1
        Disk = 1049729
        GPUs = 0
        IoHeavy = 0
        Memory = 1024
...
006 (252257.000.000) 2024-04-20 02:20:08 Image size of job updated: 1000
        1  -  MemoryUsage of job (MB)
        240  -  ResidentSetSize of job (KB)
...
006 (252257.000.000) 2024-04-20 02:20:11 Image size of job updated: 2868
        4  -  MemoryUsage of job (MB)
        3976  -  ResidentSetSize of job (KB)
...
006 (252257.000.000) 2024-04-20 02:23:57 Image size of job updated: 389616
        339  -  MemoryUsage of job (MB)
        346828  -  ResidentSetSize of job (KB)
...
040 (252257.000.000) 2024-04-20 02:23:57 Started transferring output files
...
040 (252257.000.000) 2024-04-20 02:23:57 Finished transferring output files
...
005 (252257.000.000) 2024-04-20 02:23:57 Job terminated.
        (1) Normal termination (return value 0)
                Usr 0 00:00:06, Sys 0 00:00:02  -  Run Remote Usage
                Usr 0 00:00:00, Sys 0 00:00:00  -  Run Local Usage
                Usr 0 00:00:06, Sys 0 00:00:02  -  Total Remote Usage
                Usr 0 00:00:00, Sys 0 00:00:00  -  Total Local Usage
        2941  -  Run Bytes Sent By Job
        123841464  -  Run Bytes Received By Job
        2941  -  Total Bytes Sent By Job
        123841464  -  Total Bytes Received By Job
        Partitionable Resources :    Usage  Request Allocated
           Cpus                 :        0        1         1
           Disk (KB)            :   505829  1048576   1049729
           GPUs                 :                           0
           IoHeavy              :                           0
           Memory (MB)          :      339     1024      1024
           TimeExecute (s)      :      237
           TimeSlotBusy (s)     :      243

        Job terminated of its own accord at 2024-04-20T07:20:11Z with signal 15.
...
